<?xml version="1.0" encoding="UTF-8"?>
<!-- Generated by org.testng.reporters.JUnitReportReporter -->
<testsuite hostname="GOLLA-VENKATASAIMADHAVA" failures="0" tests="1" name="com.demowebshop_TestScripts.TC_01_verifyUserIsABleToAddAddressOrNot" time="11.219" errors="0" timestamp="2025-09-13T20:44:57 IST" skipped="0">
  <testcase classname="com.demowebshop_TestScripts.TC_01_verifyUserIsABleToAddAddressOrNot" name="addAddress" time="11.219"/>
</testsuite> <!-- com.demowebshop_TestScripts.TC_01_verifyUserIsABleToAddAddressOrNot -->
