<?xml version="1.0" encoding="UTF-8"?>
<!-- Generated by org.testng.reporters.JUnitReportReporter -->
<testsuite hostname="GOLLA-VENKATASAIMADHAVA" failures="0" tests="1" name="com.demowebshop_TestScripts.TC_02_verifyUserIsABleToDeleteAddressOrNot" time="30.512" errors="0" timestamp="2025-09-13T20:47:30 IST" skipped="0">
  <testcase classname="com.demowebshop_TestScripts.TC_02_verifyUserIsABleToDeleteAddressOrNot" name="addAddress" time="30.512"/>
</testsuite> <!-- com.demowebshop_TestScripts.TC_02_verifyUserIsABleToDeleteAddressOrNot -->
